This file contains any messages produced by compilers while
running configure, to aid debugging if configure makes a mistake.

It was created by ggk configure 1.0, which was
generated by GNU Autoconf 2.69.  Invocation command line was

  $ ./configure 

## --------- ##
## Platform. ##
## --------- ##

hostname = raspberrypi
uname -m = armv7l
uname -r = 5.4.83-v7l+
uname -s = Linux
uname -v = #1379 SMP Mon Dec 14 13:11:54 GMT 2020

/usr/bin/uname -p = unknown
/bin/uname -X     = unknown

/bin/arch              = armv7l
/usr/bin/arch -k       = unknown
/usr/convex/getsysinfo = unknown
/usr/bin/hostinfo      = unknown
/bin/machine           = unknown
/usr/bin/oslevel       = unknown
/bin/universe          = unknown

PATH: /usr/local/sbin
PATH: /usr/local/bin
PATH: /usr/sbin
PATH: /usr/bin
PATH: /sbin
PATH: /bin
PATH: /usr/local/games
PATH: /usr/games


## ----------- ##
## Core tests. ##
## ----------- ##

configure:1939: checking for a BSD-compatible install
configure:2007: result: /usr/bin/install -c
configure:2018: checking whether build environment is sane
configure:2073: result: yes
configure:2222: checking for a thread-safe mkdir -p
configure:2261: result: /usr/bin/mkdir -p
configure:2268: checking for gawk
configure:2298: result: no
configure:2268: checking for mawk
configure:2284: found /usr/bin/mawk
configure:2295: result: mawk
configure:2306: checking whether make sets $(MAKE)
configure:2328: result: yes
configure:2357: checking whether make supports nested variables
configure:2374: result: yes
configure:2512: checking for style of include used by make
configure:2540: result: GNU
configure:2611: checking for gcc
configure:2627: found /usr/bin/gcc
configure:2638: result: gcc
configure:2867: checking for C compiler version
configure:2876: gcc --version >&5
gcc (Raspbian 8.3.0-6+rpi1) 8.3.0
Copyright (C) 2018 Free Software Foundation, Inc.
This is free software; see the source for copying conditions.  There is NO
warranty; not even for MERCHANTABILITY or FITNESS FOR A PARTICULAR PURPOSE.

configure:2887: $? = 0
configure:2876: gcc -v >&5
Using built-in specs.
COLLECT_GCC=gcc
COLLECT_LTO_WRAPPER=/usr/lib/gcc/arm-linux-gnueabihf/8/lto-wrapper
Target: arm-linux-gnueabihf
Configured with: ../src/configure -v --with-pkgversion='Raspbian 8.3.0-6+rpi1' --with-bugurl=file:///usr/share/doc/gcc-8/README.Bugs --enable-languages=c,ada,c++,go,d,fortran,objc,obj-c++ --prefix=/usr --with-gcc-major-version-only --program-suffix=-8 --program-prefix=arm-linux-gnueabihf- --enable-shared --enable-linker-build-id --libexecdir=/usr/lib --without-included-gettext --enable-threads=posix --libdir=/usr/lib --enable-nls --enable-bootstrap --enable-clocale=gnu --enable-libstdcxx-debug --enable-libstdcxx-time=yes --with-default-libstdcxx-abi=new --enable-gnu-unique-object --disable-libitm --disable-libquadmath --disable-libquadmath-support --enable-plugin --with-system-zlib --with-target-system-zlib --enable-objc-gc=auto --enable-multiarch --disable-sjlj-exceptions --with-arch=armv6 --with-fpu=vfp --with-float=hard --disable-werror --enable-checking=release --build=arm-linux-gnueabihf --host=arm-linux-gnueabihf --target=arm-linux-gnueabihf
Thread model: posix
gcc version 8.3.0 (Raspbian 8.3.0-6+rpi1) 
configure:2887: $? = 0
configure:2876: gcc -V >&5
gcc: error: unrecognized command line option '-V'
gcc: fatal error: no input files
compilation terminated.
configure:2887: $? = 1
configure:2876: gcc -qversion >&5
gcc: error: unrecognized command line option '-qversion'; did you mean '--version'?
gcc: fatal error: no input files
compilation terminated.
configure:2887: $? = 1
configure:2907: checking whether the C compiler works
configure:2929: gcc    conftest.c  >&5
configure:2933: $? = 0
configure:2981: result: yes
configure:2984: checking for C compiler default output file name
configure:2986: result: a.out
configure:2992: checking for suffix of executables
configure:2999: gcc -o conftest    conftest.c  >&5
configure:3003: $? = 0
configure:3025: result: 
configure:3047: checking whether we are cross compiling
configure:3055: gcc -o conftest    conftest.c  >&5
configure:3059: $? = 0
configure:3066: ./conftest
configure:3070: $? = 0
configure:3058: result: no
configure:3063: checking for suffix of object files
configure:3085: gcc -c   conftest.c >&5
configure:3089: $? = 0
configure:3110: result: o
configure:3114: checking whether we are using the GNU C compiler
configure:3133: gcc -c   conftest.c >&5
configure:3133: $? = 0
configure:3142: result: yes
configure:3151: checking whether gcc accepts -g
configure:3171: gcc -c -g  conftest.c >&5
configure:3171: $? = 0
configure:3212: result: yes
configure:3229: checking for gcc option to accept ISO C89
configure:3292: gcc  -c -g -O2  conftest.c >&5
configure:3292: $? = 0
configure:3305: result: none needed
configure:3330: checking whether gcc understands -c and -o together
configure:3352: gcc -c conftest.c -o conftest2.o
configure:3355: $? = 0
configure:3352: gcc -c conftest.c -o conftest2.o
configure:3355: $? = 0
configure:3367: result: yes
configure:3386: checking dependency style of gcc
configure:3497: result: gcc3
configure:3513: checking for pthread_create in -lpthread
configure:3538: gcc -o conftest -g -O2   conftest.c -lpthread   >&5
configure:3538: $? = 0
configure:3547: result: yes
configure:3560: checking for g_variant_new in -lglib-2.0
configure:3585: gcc -o conftest -g -O2   conftest.c -lglib-2.0  -lpthread  >&5
configure:3585: $? = 0
configure:3594: result: yes
configure:3607: checking for g_dbus_method_invocation_return_dbus_error in -lgio-2.0
configure:3632: gcc -o conftest -g -O2   conftest.c -lgio-2.0  -lglib-2.0 -lpthread  >&5
configure:3632: $? = 0
configure:3641: result: yes
configure:3654: checking for g_object_unref in -lgobject-2.0
configure:3679: gcc -o conftest -g -O2   conftest.c -lgobject-2.0  -lgio-2.0 -lglib-2.0 -lpthread  >&5
configure:3679: $? = 0
configure:3688: result: yes
configure:3759: checking for g++
configure:3775: found /usr/bin/g++
configure:3786: result: g++
configure:3813: checking for C++ compiler version
configure:3822: g++ --version >&5
g++ (Raspbian 8.3.0-6+rpi1) 8.3.0
Copyright (C) 2018 Free Software Foundation, Inc.
This is free software; see the source for copying conditions.  There is NO
warranty; not even for MERCHANTABILITY or FITNESS FOR A PARTICULAR PURPOSE.

configure:3833: $? = 0
configure:3822: g++ -v >&5
Using built-in specs.
COLLECT_GCC=g++
COLLECT_LTO_WRAPPER=/usr/lib/gcc/arm-linux-gnueabihf/8/lto-wrapper
Target: arm-linux-gnueabihf
Configured with: ../src/configure -v --with-pkgversion='Raspbian 8.3.0-6+rpi1' --with-bugurl=file:///usr/share/doc/gcc-8/README.Bugs --enable-languages=c,ada,c++,go,d,fortran,objc,obj-c++ --prefix=/usr --with-gcc-major-version-only --program-suffix=-8 --program-prefix=arm-linux-gnueabihf- --enable-shared --enable-linker-build-id --libexecdir=/usr/lib --without-included-gettext --enable-threads=posix --libdir=/usr/lib --enable-nls --enable-bootstrap --enable-clocale=gnu --enable-libstdcxx-debug --enable-libstdcxx-time=yes --with-default-libstdcxx-abi=new --enable-gnu-unique-object --disable-libitm --disable-libquadmath --disable-libquadmath-support --enable-plugin --with-system-zlib --with-target-system-zlib --enable-objc-gc=auto --enable-multiarch --disable-sjlj-exceptions --with-arch=armv6 --with-fpu=vfp --with-float=hard --disable-werror --enable-checking=release --build=arm-linux-gnueabihf --host=arm-linux-gnueabihf --target=arm-linux-gnueabihf
Thread model: posix
gcc version 8.3.0 (Raspbian 8.3.0-6+rpi1) 
configure:3833: $? = 0
configure:3822: g++ -V >&5
g++: error: unrecognized command line option '-V'
g++: fatal error: no input files
compilation terminated.
configure:3833: $? = 1
configure:3822: g++ -qversion >&5
g++: error: unrecognized command line option '-qversion'; did you mean '--version'?
g++: fatal error: no input files
compilation terminated.
configure:3833: $? = 1
configure:3837: checking whether we are using the GNU C++ compiler
configure:3856: g++ -c   conftest.cpp >&5
configure:3856: $? = 0
configure:3865: result: yes
configure:3874: checking whether g++ accepts -g
configure:3894: g++ -c -g  conftest.cpp >&5
configure:3894: $? = 0
configure:3935: result: yes
configure:3960: checking dependency style of g++
configure:4071: result: gcc3
configure:4094: checking whether g++ supports C++11 features by default
configure:4388: g++ -c -g -O2  conftest.cpp >&5
configure:4388: $? = 0
configure:4395: result: yes
configure:5115: checking for ranlib
configure:5131: found /usr/bin/ranlib
configure:5142: result: ranlib
configure:5276: checking for C++ compiler version
configure:5285: g++ --version >&5
g++ (Raspbian 8.3.0-6+rpi1) 8.3.0
Copyright (C) 2018 Free Software Foundation, Inc.
This is free software; see the source for copying conditions.  There is NO
warranty; not even for MERCHANTABILITY or FITNESS FOR A PARTICULAR PURPOSE.

configure:5296: $? = 0
configure:5285: g++ -v >&5
Using built-in specs.
COLLECT_GCC=g++
COLLECT_LTO_WRAPPER=/usr/lib/gcc/arm-linux-gnueabihf/8/lto-wrapper
Target: arm-linux-gnueabihf
Configured with: ../src/configure -v --with-pkgversion='Raspbian 8.3.0-6+rpi1' --with-bugurl=file:///usr/share/doc/gcc-8/README.Bugs --enable-languages=c,ada,c++,go,d,fortran,objc,obj-c++ --prefix=/usr --with-gcc-major-version-only --program-suffix=-8 --program-prefix=arm-linux-gnueabihf- --enable-shared --enable-linker-build-id --libexecdir=/usr/lib --without-included-gettext --enable-threads=posix --libdir=/usr/lib --enable-nls --enable-bootstrap --enable-clocale=gnu --enable-libstdcxx-debug --enable-libstdcxx-time=yes --with-default-libstdcxx-abi=new --enable-gnu-unique-object --disable-libitm --disable-libquadmath --disable-libquadmath-support --enable-plugin --with-system-zlib --with-target-system-zlib --enable-objc-gc=auto --enable-multiarch --disable-sjlj-exceptions --with-arch=armv6 --with-fpu=vfp --with-float=hard --disable-werror --enable-checking=release --build=arm-linux-gnueabihf --host=arm-linux-gnueabihf --target=arm-linux-gnueabihf
Thread model: posix
gcc version 8.3.0 (Raspbian 8.3.0-6+rpi1) 
configure:5296: $? = 0
configure:5285: g++ -V >&5
g++: error: unrecognized command line option '-V'
g++: fatal error: no input files
compilation terminated.
configure:5296: $? = 1
configure:5285: g++ -qversion >&5
g++: error: unrecognized command line option '-qversion'; did you mean '--version'?
g++: fatal error: no input files
compilation terminated.
configure:5296: $? = 1
configure:5300: checking whether we are using the GNU C++ compiler
configure:5328: result: yes
configure:5337: checking whether g++ accepts -g
configure:5398: result: yes
configure:5423: checking dependency style of g++
configure:5534: result: gcc3
configure:5598: checking for ar
configure:5614: found /usr/bin/ar
configure:5625: result: ar
configure:5651: checking the archiver (ar) interface
configure:5667: gcc -c -g -O2  conftest.c >&5
configure:5667: $? = 0
configure:5669: ar cru libconftest.a conftest.o >&5
ar: `u' modifier ignored since `D' is the default (see `U')
configure:5672: $? = 0
configure:5671: result: ar
configure:5819: checking that generated files are newer than configure
configure:5825: result: done
configure:5856: creating ./config.status

## ---------------------- ##
## Running config.status. ##
## ---------------------- ##

This file was extended by ggk config.status 1.0, which was
generated by GNU Autoconf 2.69.  Invocation command line was

  CONFIG_FILES    = 
  CONFIG_HEADERS  = 
  CONFIG_LINKS    = 
  CONFIG_COMMANDS = 
  $ ./config.status 

on raspberrypi

config.status:855: creating Makefile
config.status:855: creating src/Makefile
config.status:855: creating config.h
config.status:1084: executing depfiles commands

## ---------------- ##
## Cache variables. ##
## ---------------- ##

ac_cv_c_compiler_gnu=yes
ac_cv_cxx_compiler_gnu=yes
ac_cv_env_CCC_set=
ac_cv_env_CCC_value=
ac_cv_env_CC_set=
ac_cv_env_CC_value=
ac_cv_env_CFLAGS_set=
ac_cv_env_CFLAGS_value=
ac_cv_env_CPPFLAGS_set=
ac_cv_env_CPPFLAGS_value=
ac_cv_env_CXXFLAGS_set=
ac_cv_env_CXXFLAGS_value=
ac_cv_env_CXX_set=
ac_cv_env_CXX_value=
ac_cv_env_LDFLAGS_set=
ac_cv_env_LDFLAGS_value=
ac_cv_env_LIBS_set=
ac_cv_env_LIBS_value=
ac_cv_env_build_alias_set=
ac_cv_env_build_alias_value=
ac_cv_env_host_alias_set=
ac_cv_env_host_alias_value=
ac_cv_env_target_alias_set=
ac_cv_env_target_alias_value=
ac_cv_lib_gio_2_0_g_dbus_method_invocation_return_dbus_error=yes
ac_cv_lib_glib_2_0_g_variant_new=yes
ac_cv_lib_gobject_2_0_g_object_unref=yes
ac_cv_lib_pthread_pthread_create=yes
ac_cv_objext=o
ac_cv_path_install='/usr/bin/install -c'
ac_cv_path_mkdir=/usr/bin/mkdir
ac_cv_prog_AWK=mawk
ac_cv_prog_ac_ct_AR=ar
ac_cv_prog_ac_ct_CC=gcc
ac_cv_prog_ac_ct_CXX=g++
ac_cv_prog_ac_ct_RANLIB=ranlib
ac_cv_prog_cc_c89=
ac_cv_prog_cc_g=yes
ac_cv_prog_cxx_g=yes
ac_cv_prog_make_make_set=yes
am_cv_CC_dependencies_compiler_type=gcc3
am_cv_CXX_dependencies_compiler_type=gcc3
am_cv_ar_interface=ar
am_cv_make_support_nested_variables=yes
am_cv_prog_cc_c_o=yes
ax_cv_cxx_compile_cxx11=yes

## ----------------- ##
## Output variables. ##
## ----------------- ##

ACLOCAL='${SHELL} /home/pi/ggk/build-aux/missing aclocal-1.15'
AMDEPBACKSLASH='\'
AMDEP_FALSE='#'
AMDEP_TRUE=''
AMTAR='$${TAR-tar}'
AM_BACKSLASH='\'
AM_DEFAULT_V='$(AM_DEFAULT_VERBOSITY)'
AM_DEFAULT_VERBOSITY='1'
AM_V='$(V)'
AR='ar'
AUTOCONF='${SHELL} /home/pi/ggk/build-aux/missing autoconf'
AUTOHEADER='${SHELL} /home/pi/ggk/build-aux/missing autoheader'
AUTOMAKE='${SHELL} /home/pi/ggk/build-aux/missing automake-1.15'
AWK='mawk'
CC='gcc'
CCDEPMODE='depmode=gcc3'
CFLAGS='-g -O2'
CPPFLAGS=''
CXX='g++'
CXXDEPMODE='depmode=gcc3'
CXXFLAGS='-g -O2'
CYGPATH_W='echo'
DEFS='-DHAVE_CONFIG_H'
DEPDIR='.deps'
ECHO_C=''
ECHO_N='-n'
ECHO_T=''
EXEEXT=''
GIO_CFLAGS='-pthread -I/usr/include/libmount -I/usr/include/blkid -I/usr/include/uuid -I/usr/include/glib-2.0 -I/usr/lib/arm-linux-gnueabihf/glib-2.0/include'
GLIB_CFLAGS='-I/usr/include/glib-2.0 -I/usr/lib/arm-linux-gnueabihf/glib-2.0/include'
GOBJECT_CFLAGS='-I/usr/include/glib-2.0 -I/usr/lib/arm-linux-gnueabihf/glib-2.0/include'
HAVE_CXX11='1'
INSTALL_DATA='${INSTALL} -m 644'
INSTALL_PROGRAM='${INSTALL}'
INSTALL_SCRIPT='${INSTALL}'
INSTALL_STRIP_PROGRAM='$(install_sh) -c -s'
LDFLAGS=''
LIBOBJS=''
LIBS='-lgobject-2.0 -lgio-2.0 -lglib-2.0 -lpthread '
LTLIBOBJS=''
MAKEINFO='${SHELL} /home/pi/ggk/build-aux/missing makeinfo'
MKDIR_P='/usr/bin/mkdir -p'
OBJEXT='o'
PACKAGE='ggk'
PACKAGE_BUGREPORT=''
PACKAGE_NAME='ggk'
PACKAGE_STRING='ggk 1.0'
PACKAGE_TARNAME='ggk'
PACKAGE_URL=''
PACKAGE_VERSION='1.0'
PATH_SEPARATOR=':'
RANLIB='ranlib'
SET_MAKE=''
SHELL='/bin/bash'
STRIP=''
VERSION='1.0'
ac_ct_AR='ar'
ac_ct_CC='gcc'
ac_ct_CXX='g++'
am__EXEEXT_FALSE=''
am__EXEEXT_TRUE='#'
am__fastdepCC_FALSE='#'
am__fastdepCC_TRUE=''
am__fastdepCXX_FALSE='#'
am__fastdepCXX_TRUE=''
am__include='include'
am__isrc=''
am__leading_dot='.'
am__nodep='_no'
am__quote=''
am__tar='$${TAR-tar} chof - "$$tardir"'
am__untar='$${TAR-tar} xf -'
bindir='${exec_prefix}/bin'
build_alias=''
datadir='${datarootdir}'
datarootdir='${prefix}/share'
docdir='${datarootdir}/doc/${PACKAGE_TARNAME}'
dvidir='${docdir}'
exec_prefix='${prefix}'
host_alias=''
htmldir='${docdir}'
includedir='${prefix}/include'
infodir='${datarootdir}/info'
install_sh='${SHELL} /home/pi/ggk/build-aux/install-sh'
libdir='${exec_prefix}/lib'
libexecdir='${exec_prefix}/libexec'
localedir='${datarootdir}/locale'
localstatedir='${prefix}/var'
mandir='${datarootdir}/man'
mkdir_p='$(MKDIR_P)'
oldincludedir='/usr/include'
pdfdir='${docdir}'
prefix='/usr/local'
program_transform_name='s,x,x,'
psdir='${docdir}'
runstatedir='${localstatedir}/run'
sbindir='${exec_prefix}/sbin'
sharedstatedir='${prefix}/com'
sysconfdir='${prefix}/etc'
target_alias=''

## ----------- ##
## confdefs.h. ##
## ----------- ##

/* confdefs.h */
#define PACKAGE_NAME "ggk"
#define PACKAGE_TARNAME "ggk"
#define PACKAGE_VERSION "1.0"
#define PACKAGE_STRING "ggk 1.0"
#define PACKAGE_BUGREPORT ""
#define PACKAGE_URL ""
#define PACKAGE "ggk"
#define VERSION "1.0"
#define HAVE_LIBPTHREAD 1
#define HAVE_LIBGLIB_2_0 1
#define HAVE_LIBGIO_2_0 1
#define HAVE_LIBGOBJECT_2_0 1
#define HAVE_CXX11 1

configure: exit 0
